0 info it worked if it ends with ok
1 verbose cli [ 'C:\\Program Files\\nodejs\\node.exe',
1 verbose cli   'C:\\Program Files\\nodejs\\node_modules\\npm\\bin\\npm-cli.js',
1 verbose cli   'shrinkwrap' ]
2 info using npm@3.10.10
3 info using node@v6.9.3
4 info lifecycle hotelier@1.0.0~preshrinkwrap: hotelier@1.0.0
5 silly lifecycle hotelier@1.0.0~preshrinkwrap: no script for preshrinkwrap, continuing
6 warn shrinkwrap Excluding devDependency: /acorn
7 warn shrinkwrap Excluding devDependency: /acorn-dynamic-import
8 warn shrinkwrap Excluding devDependency: /ajv
9 warn shrinkwrap Excluding devDependency: /ajv-keywords
10 warn shrinkwrap Excluding devDependency: /align-text
11 warn shrinkwrap Excluding devDependency: /alphanum-sort
12 warn shrinkwrap Excluding devDependency: /amdefine
13 warn shrinkwrap Excluding devDependency: /ansi-html
14 warn shrinkwrap Excluding devDependency: /anymatch
15 warn shrinkwrap Excluding devDependency: /argparse
16 warn shrinkwrap Excluding devDependency: /arr-diff
17 warn shrinkwrap Excluding devDependency: /arr-flatten
18 warn shrinkwrap Excluding devDependency: /array-find-index
19 warn shrinkwrap Excluding devDependency: /array-union
20 warn shrinkwrap Excluding devDependency: /array-uniq
21 warn shrinkwrap Excluding devDependency: /array-unique
22 warn shrinkwrap Excluding devDependency: /asn1
23 warn shrinkwrap Excluding devDependency: /asn1.js
24 warn shrinkwrap Excluding devDependency: /assert
25 warn shrinkwrap Excluding devDependency: /assert-plus
26 warn shrinkwrap Excluding devDependency: /ast-types
27 warn shrinkwrap Excluding devDependency: /async
28 warn shrinkwrap Excluding devDependency: /async-each
29 warn shrinkwrap Excluding devDependency: /asynckit
30 warn shrinkwrap Excluding devDependency: /autoprefixer
31 warn shrinkwrap Excluding devDependency: /aws-sign2
32 warn shrinkwrap Excluding devDependency: /aws4
33 warn shrinkwrap Excluding devDependency: /babel-cli
34 warn shrinkwrap Excluding devDependency: /babel-core
35 warn shrinkwrap Excluding devDependency: /babel-generator
36 warn shrinkwrap Excluding devDependency: /babel-helper-bindify-decorators
37 warn shrinkwrap Excluding devDependency: /babel-helper-builder-binary-assignment-operator-visitor
38 warn shrinkwrap Excluding devDependency: /babel-helper-builder-react-jsx
39 warn shrinkwrap Excluding devDependency: /babel-helper-define-map
40 warn shrinkwrap Excluding devDependency: /babel-helper-explode-assignable-expression
41 warn shrinkwrap Excluding devDependency: /babel-helper-explode-class
42 warn shrinkwrap Excluding devDependency: /babel-helper-optimise-call-expression
43 warn shrinkwrap Excluding devDependency: /babel-helper-replace-supers
44 warn shrinkwrap Excluding devDependency: /babel-helpers
45 warn shrinkwrap Excluding devDependency: /babel-loader
46 warn shrinkwrap Excluding devDependency: /babel-plugin-check-es2015-constants
47 warn shrinkwrap Excluding devDependency: /babel-plugin-syntax-async-generators
48 warn shrinkwrap Excluding devDependency: /babel-plugin-syntax-class-properties
49 warn shrinkwrap Excluding devDependency: /babel-plugin-syntax-decorators
50 warn shrinkwrap Excluding devDependency: /babel-plugin-syntax-dynamic-import
51 warn shrinkwrap Excluding devDependency: /babel-plugin-syntax-exponentiation-operator
52 warn shrinkwrap Excluding devDependency: /babel-plugin-syntax-flow
53 warn shrinkwrap Excluding devDependency: /babel-plugin-syntax-jsx
54 warn shrinkwrap Excluding devDependency: /babel-plugin-transform-async-generator-functions
55 warn shrinkwrap Excluding devDependency: /babel-plugin-transform-class-properties
56 warn shrinkwrap Excluding devDependency: /babel-plugin-transform-decorators
57 warn shrinkwrap Excluding devDependency: /babel-plugin-transform-es2015-arrow-functions
58 warn shrinkwrap Excluding devDependency: /babel-plugin-transform-es2015-block-scoped-functions
59 warn shrinkwrap Excluding devDependency: /babel-plugin-transform-es2015-block-scoping
60 warn shrinkwrap Excluding devDependency: /babel-plugin-transform-es2015-classes
61 warn shrinkwrap Excluding devDependency: /babel-plugin-transform-es2015-computed-properties
62 warn shrinkwrap Excluding devDependency: /babel-plugin-transform-es2015-duplicate-keys
63 warn shrinkwrap Excluding devDependency: /babel-plugin-transform-es2015-for-of
64 warn shrinkwrap Excluding devDependency: /babel-plugin-transform-es2015-function-name
65 warn shrinkwrap Excluding devDependency: /babel-plugin-transform-es2015-literals
66 warn shrinkwrap Excluding devDependency: /babel-plugin-transform-es2015-modules-amd
67 warn shrinkwrap Excluding devDependency: /babel-plugin-transform-es2015-modules-systemjs
68 warn shrinkwrap Excluding devDependency: /babel-plugin-transform-es2015-modules-umd
69 warn shrinkwrap Excluding devDependency: /babel-plugin-transform-es2015-object-super
70 warn shrinkwrap Excluding devDependency: /babel-plugin-transform-es2015-shorthand-properties
71 warn shrinkwrap Excluding devDependency: /babel-plugin-transform-es2015-spread
72 warn shrinkwrap Excluding devDependency: /babel-plugin-transform-es2015-template-literals
73 warn shrinkwrap Excluding devDependency: /babel-plugin-transform-es2015-typeof-symbol
74 warn shrinkwrap Excluding devDependency: /babel-plugin-transform-exponentiation-operator
75 warn shrinkwrap Excluding devDependency: /babel-plugin-transform-flow-strip-types
76 warn shrinkwrap Excluding devDependency: /babel-plugin-transform-react-display-name
77 warn shrinkwrap Excluding devDependency: /babel-plugin-transform-react-jsx
78 warn shrinkwrap Excluding devDependency: /babel-plugin-transform-react-jsx-self
79 warn shrinkwrap Excluding devDependency: /babel-plugin-transform-react-jsx-source
80 warn shrinkwrap Excluding devDependency: /babel-plugin-transform-regenerator
81 warn shrinkwrap Excluding devDependency: /babel-preset-env
82 warn shrinkwrap Excluding devDependency: /babel-preset-es2015
83 warn shrinkwrap Excluding devDependency: /babel-preset-flow
84 warn shrinkwrap Excluding devDependency: /babel-preset-react
85 warn shrinkwrap Excluding devDependency: /babel-preset-stage-2
86 warn shrinkwrap Excluding devDependency: /babel-preset-stage-3
87 warn shrinkwrap Excluding devDependency: /babel-register
88 warn shrinkwrap Excluding devDependency: /balanced-match
89 warn shrinkwrap Excluding devDependency: /base64-js
90 warn shrinkwrap Excluding devDependency: /batch
91 warn shrinkwrap Excluding devDependency: /bcrypt-pbkdf
92 warn shrinkwrap Excluding devDependency: /big.js
93 warn shrinkwrap Excluding devDependency: /binary-extensions
94 warn shrinkwrap Excluding devDependency: /bn.js
95 warn shrinkwrap Excluding devDependency: /bonjour
96 warn shrinkwrap Excluding devDependency: /boolbase
97 warn shrinkwrap Excluding devDependency: /boom
98 warn shrinkwrap Excluding devDependency: /brace-expansion
99 warn shrinkwrap Excluding devDependency: /braces
100 warn shrinkwrap Excluding devDependency: /brorand
101 warn shrinkwrap Excluding devDependency: /browserify-aes
102 warn shrinkwrap Excluding devDependency: /browserify-cipher
103 warn shrinkwrap Excluding devDependency: /browserify-des
104 warn shrinkwrap Excluding devDependency: /browserify-rsa
105 warn shrinkwrap Excluding devDependency: /browserify-sign
106 warn shrinkwrap Excluding devDependency: /browserify-zlib
107 warn shrinkwrap Excluding devDependency: /browserslist
108 warn shrinkwrap Excluding devDependency: /buffer
109 warn shrinkwrap Excluding devDependency: /buffer-indexof
110 warn shrinkwrap Excluding devDependency: /buffer-xor
111 warn shrinkwrap Excluding devDependency: /builtin-status-codes
112 warn shrinkwrap Excluding devDependency: /bytes
113 warn shrinkwrap Excluding devDependency: /camel-case
114 warn shrinkwrap Excluding devDependency: /camelcase
115 warn shrinkwrap Excluding devDependency: /camelcase-keys
116 warn shrinkwrap Excluding devDependency: /caniuse-api
117 warn shrinkwrap Excluding devDependency: /caniuse-db
118 warn shrinkwrap Excluding devDependency: /caniuse-lite
119 warn shrinkwrap Excluding devDependency: /caseless
120 warn shrinkwrap Excluding devDependency: /center-align
121 warn shrinkwrap Excluding devDependency: /chokidar
122 warn shrinkwrap Excluding devDependency: /cipher-base
123 warn shrinkwrap Excluding devDependency: /clap
124 warn shrinkwrap Excluding devDependency: /classnames
125 warn shrinkwrap Excluding devDependency: /clean-css
126 warn shrinkwrap Excluding devDependency: /clean-webpack-plugin
127 warn shrinkwrap Excluding devDependency: /clone
128 warn shrinkwrap Excluding devDependency: /co
129 warn shrinkwrap Excluding devDependency: /coa
130 warn shrinkwrap Excluding devDependency: /codemirror
131 warn shrinkwrap Excluding devDependency: /color
132 warn shrinkwrap Excluding devDependency: /color-convert
133 warn shrinkwrap Excluding devDependency: /color-name
134 warn shrinkwrap Excluding devDependency: /color-string
135 warn shrinkwrap Excluding devDependency: /colormin
136 warn shrinkwrap Excluding devDependency: /colors
137 warn shrinkwrap Excluding devDependency: /combined-stream
138 warn shrinkwrap Excluding devDependency: /commander
139 warn shrinkwrap Excluding devDependency: /commondir
140 warn shrinkwrap Excluding devDependency: /compressible
141 warn shrinkwrap Excluding devDependency: /compression
142 warn shrinkwrap Excluding devDependency: /concat-map
143 warn shrinkwrap Excluding devDependency: /connect-history-api-fallback
144 warn shrinkwrap Excluding devDependency: /console-browserify
145 warn shrinkwrap Excluding devDependency: /constants-browserify
146 warn shrinkwrap Excluding devDependency: /convert-source-map
147 warn shrinkwrap Excluding devDependency: /core-util-is
148 warn shrinkwrap Excluding devDependency: /create-ecdh
149 warn shrinkwrap Excluding devDependency: /create-hash
150 warn shrinkwrap Excluding devDependency: /create-hmac
151 warn shrinkwrap Excluding devDependency: /cryptiles
152 warn shrinkwrap Excluding devDependency: /crypto-browserify
153 warn shrinkwrap Excluding devDependency: /css-color-keywords
154 warn shrinkwrap Excluding devDependency: /css-color-names
155 warn shrinkwrap Excluding devDependency: /css-loader
156 warn shrinkwrap Excluding devDependency: /css-select
157 warn shrinkwrap Excluding devDependency: /css-selector-tokenizer
158 warn shrinkwrap Excluding devDependency: /css-to-react-native
159 warn shrinkwrap Excluding devDependency: /css-what
160 warn shrinkwrap Excluding devDependency: /cssesc
161 warn shrinkwrap Excluding devDependency: /cssnano
162 warn shrinkwrap Excluding devDependency: /csso
163 warn shrinkwrap Excluding devDependency: /currently-unhandled
164 warn shrinkwrap Excluding devDependency: /d3
165 warn shrinkwrap Excluding devDependency: /d3-state-visualizer
166 warn shrinkwrap Excluding devDependency: /d3tooltip
167 warn shrinkwrap Excluding devDependency: /dashdash
168 warn shrinkwrap Excluding devDependency: /date-now
169 warn shrinkwrap Excluding devDependency: /deep-diff
170 warn shrinkwrap Excluding devDependency: /deep-equal
171 warn shrinkwrap Excluding devDependency: /deepmerge
172 warn shrinkwrap Excluding devDependency: /defined
173 warn shrinkwrap Excluding devDependency: /del
174 warn shrinkwrap Excluding devDependency: /delayed-stream
175 warn shrinkwrap Excluding devDependency: /des.js
176 warn shrinkwrap Excluding devDependency: /detect-indent
177 warn shrinkwrap Excluding devDependency: /detect-node
178 warn shrinkwrap Excluding devDependency: /devui
179 warn shrinkwrap Excluding devDependency: /diffie-hellman
180 warn shrinkwrap Excluding devDependency: /dns-equal
181 warn shrinkwrap Excluding devDependency: /dns-packet
182 warn shrinkwrap Excluding devDependency: /dns-txt
183 warn shrinkwrap Excluding devDependency: /dom-converter
184 warn shrinkwrap Excluding devDependency: /dom-serializer
185 warn shrinkwrap Excluding devDependency: /dom-walk
186 warn shrinkwrap Excluding devDependency: /domain-browser
187 warn shrinkwrap Excluding devDependency: /domelementtype
188 warn shrinkwrap Excluding devDependency: /domhandler
189 warn shrinkwrap Excluding devDependency: /domutils
190 warn shrinkwrap Excluding devDependency: /ecc-jsbn
191 warn shrinkwrap Excluding devDependency: /electron-to-chromium
192 warn shrinkwrap Excluding devDependency: /elliptic
193 warn shrinkwrap Excluding devDependency: /emojis-list
194 warn shrinkwrap Excluding devDependency: /enhanced-resolve
195 warn shrinkwrap Excluding devDependency: /entities
196 warn shrinkwrap Excluding devDependency: /errno
197 warn shrinkwrap Excluding devDependency: /error-stack-parser
198 warn shrinkwrap Excluding devDependency: /es6-templates
199 warn shrinkwrap Excluding devDependency: /esprima
200 warn shrinkwrap Excluding devDependency: /eventemitter3
201 warn shrinkwrap Excluding devDependency: /events
202 warn shrinkwrap Excluding devDependency: /eventsource
203 warn shrinkwrap Excluding devDependency: /evp_bytestokey
204 warn shrinkwrap Excluding devDependency: /expand-brackets
205 warn shrinkwrap Excluding devDependency: /expand-range
206 warn shrinkwrap Excluding devDependency: /extend
207 warn shrinkwrap Excluding devDependency: /extglob
208 warn shrinkwrap Excluding devDependency: /extract-text-webpack-plugin
209 warn shrinkwrap Excluding devDependency: /extsprintf
210 warn shrinkwrap Excluding devDependency: /fast-deep-equal
211 warn shrinkwrap Excluding devDependency: /fastparse
212 warn shrinkwrap Excluding devDependency: /faye-websocket
213 warn shrinkwrap Excluding devDependency: /file-loader
214 warn shrinkwrap Excluding devDependency: /filename-regex
215 warn shrinkwrap Excluding devDependency: /fill-range
216 warn shrinkwrap Excluding devDependency: /find-cache-dir
217 warn shrinkwrap Excluding devDependency: /flatten
218 warn shrinkwrap Excluding devDependency: /for-in
219 warn shrinkwrap Excluding devDependency: /for-own
220 warn shrinkwrap Excluding devDependency: /forever-agent
221 warn shrinkwrap Excluding devDependency: /form-data
222 warn shrinkwrap Excluding devDependency: /fs-readdir-recursive
223 warn shrinkwrap Excluding devDependency: /fs.realpath
224 warn shrinkwrap Excluding devDependency: /function-bind
225 warn shrinkwrap Excluding devDependency: /get-params
226 warn shrinkwrap Excluding devDependency: /get-stdin
227 warn shrinkwrap Excluding devDependency: /getpass
228 warn shrinkwrap Excluding devDependency: /glob
229 warn shrinkwrap Excluding devDependency: /glob-base
230 warn shrinkwrap Excluding devDependency: /glob-parent
231 warn shrinkwrap Excluding devDependency: /global
232 warn shrinkwrap Excluding devDependency: /globby
233 warn shrinkwrap Excluding devDependency: /handle-thing
234 warn shrinkwrap Excluding devDependency: /har-schema
235 warn shrinkwrap Excluding devDependency: /har-validator
236 warn shrinkwrap Excluding devDependency: /has
237 warn shrinkwrap Excluding devDependency: /has-flag
238 warn shrinkwrap Excluding devDependency: /hash-base
239 warn shrinkwrap Excluding devDependency: /hash.js
240 warn shrinkwrap Excluding devDependency: /hawk
241 warn shrinkwrap Excluding devDependency: /he
242 warn shrinkwrap Excluding devDependency: /hmac-drbg
243 warn shrinkwrap Excluding devDependency: /hoek
244 warn shrinkwrap Excluding devDependency: /home-or-tmp
245 warn shrinkwrap Excluding devDependency: /hpack.js
246 warn shrinkwrap Excluding devDependency: /html-comment-regex
247 warn shrinkwrap Excluding devDependency: /html-entities
248 warn shrinkwrap Excluding devDependency: /html-loader
249 warn shrinkwrap Excluding devDependency: /html-minifier
250 warn shrinkwrap Excluding devDependency: /html-webpack-plugin
251 warn shrinkwrap Excluding devDependency: /htmlparser2
252 warn shrinkwrap Excluding devDependency: /http-deceiver
253 warn shrinkwrap Excluding devDependency: /http-proxy
254 warn shrinkwrap Excluding devDependency: /http-proxy-middleware
255 warn shrinkwrap Excluding devDependency: /http-signature
256 warn shrinkwrap Excluding devDependency: /https-browserify
257 warn shrinkwrap Excluding devDependency: /icss-replace-symbols
258 warn shrinkwrap Excluding devDependency: /icss-utils
259 warn shrinkwrap Excluding devDependency: /ieee754
260 warn shrinkwrap Excluding devDependency: /image-size
261 warn shrinkwrap Excluding devDependency: /indent-string
262 warn shrinkwrap Excluding devDependency: /indexes-of
263 warn shrinkwrap Excluding devDependency: /indexof
264 warn shrinkwrap Excluding devDependency: /inflight
265 warn shrinkwrap Excluding devDependency: /internal-ip
266 warn shrinkwrap Excluding devDependency: /interpret
267 warn shrinkwrap Excluding devDependency: /ip
268 warn shrinkwrap Excluding devDependency: /is-absolute-url
269 warn shrinkwrap Excluding devDependency: /is-binary-path
270 warn shrinkwrap Excluding devDependency: /is-buffer
271 warn shrinkwrap Excluding devDependency: /is-dotfile
272 warn shrinkwrap Excluding devDependency: /is-equal-shallow
273 warn shrinkwrap Excluding devDependency: /is-extendable
274 warn shrinkwrap Excluding devDependency: /is-extglob
275 warn shrinkwrap Excluding devDependency: /is-finite
276 warn shrinkwrap Excluding devDependency: /is-function
277 warn shrinkwrap Excluding devDependency: /is-glob
278 warn shrinkwrap Excluding devDependency: /is-number
279 warn shrinkwrap Excluding devDependency: /is-path-cwd
280 warn shrinkwrap Excluding devDependency: /is-path-in-cwd
281 warn shrinkwrap Excluding devDependency: /is-path-inside
282 warn shrinkwrap Excluding devDependency: /is-plain-obj
283 warn shrinkwrap Excluding devDependency: /is-plain-object
284 warn shrinkwrap Excluding devDependency: /is-posix-bracket
285 warn shrinkwrap Excluding devDependency: /is-primitive
286 warn shrinkwrap Excluding devDependency: /is-svg
287 warn shrinkwrap Excluding devDependency: /is-typedarray
288 warn shrinkwrap Excluding devDependency: /is-utf8
289 warn shrinkwrap Excluding devDependency: /isarray
290 warn shrinkwrap Excluding devDependency: /isobject
291 warn shrinkwrap Excluding devDependency: /isstream
292 warn shrinkwrap Excluding devDependency: /js-base64
293 warn shrinkwrap Excluding devDependency: /js-yaml
294 warn shrinkwrap Excluding devDependency: /jsbn
295 warn shrinkwrap Excluding devDependency: /jsesc
296 warn shrinkwrap Excluding devDependency: /json-schema
297 warn shrinkwrap Excluding devDependency: /json-schema-traverse
298 warn shrinkwrap Excluding devDependency: /json-stable-stringify
299 warn shrinkwrap Excluding devDependency: /json3
300 warn shrinkwrap Excluding devDependency: /json5
301 warn shrinkwrap Excluding devDependency: /jsonify
302 warn shrinkwrap Excluding devDependency: /jsonschema
303 warn shrinkwrap Excluding devDependency: /jsprim
304 warn shrinkwrap Excluding devDependency: /kind-of
305 warn shrinkwrap Excluding devDependency: /lazy-cache
306 warn shrinkwrap Excluding devDependency: /less
307 warn shrinkwrap Excluding devDependency: /less-loader
308 warn shrinkwrap Excluding devDependency: /load-json-file
309 warn shrinkwrap Excluding devDependency: /loader-runner
310 warn shrinkwrap Excluding devDependency: /loader-utils
311 warn shrinkwrap Excluding devDependency: /lodash.camelcase
312 warn shrinkwrap Excluding devDependency: /lodash.memoize
313 warn shrinkwrap Excluding devDependency: /lodash.topath
314 warn shrinkwrap Excluding devDependency: /lodash.uniq
315 warn shrinkwrap Excluding devDependency: /loglevel
316 warn shrinkwrap Excluding devDependency: /longest
317 warn shrinkwrap Excluding devDependency: /loud-rejection
318 warn shrinkwrap Excluding devDependency: /lower-case
319 warn shrinkwrap Excluding devDependency: /macaddress
320 warn shrinkwrap Excluding devDependency: /make-dir
321 warn shrinkwrap Excluding devDependency: /map-obj
322 warn shrinkwrap Excluding devDependency: /map2tree
323 warn shrinkwrap Excluding devDependency: /math-expression-evaluator
324 warn shrinkwrap Excluding devDependency: /md5.js
325 warn shrinkwrap Excluding devDependency: /memory-fs
326 warn shrinkwrap Excluding devDependency: /meow
327 warn shrinkwrap Excluding devDependency: /micromatch
328 warn shrinkwrap Excluding devDependency: /miller-rabin
329 warn shrinkwrap Excluding devDependency: /mime
330 warn shrinkwrap Excluding devDependency: /min-document
331 warn shrinkwrap Excluding devDependency: /minimalistic-assert
332 warn shrinkwrap Excluding devDependency: /minimalistic-crypto-utils
333 warn shrinkwrap Excluding devDependency: /minimatch
334 warn shrinkwrap Excluding devDependency: /minimist
335 warn shrinkwrap Excluding devDependency: /mkdirp
336 warn shrinkwrap Excluding devDependency: /multicast-dns
337 warn shrinkwrap Excluding devDependency: /multicast-dns-service-types
338 warn shrinkwrap Excluding devDependency: /ncname
339 warn shrinkwrap Excluding devDependency: /no-case
340 warn shrinkwrap Excluding devDependency: /node-forge
341 warn shrinkwrap Excluding devDependency: /node-libs-browser
342 warn shrinkwrap Excluding devDependency: /normalize-path
343 warn shrinkwrap Excluding devDependency: /normalize-range
344 warn shrinkwrap Excluding devDependency: /normalize-url
345 warn shrinkwrap Excluding devDependency: /nth-check
346 warn shrinkwrap Excluding devDependency: /num2fraction
347 warn shrinkwrap Excluding devDependency: /oauth-sign
348 warn shrinkwrap Excluding devDependency: /object.omit
349 warn shrinkwrap Excluding devDependency: /obuf
350 warn shrinkwrap Excluding devDependency: /on-headers
351 warn shrinkwrap Excluding devDependency: /once
352 warn shrinkwrap Excluding devDependency: /opn
353 warn shrinkwrap Excluding devDependency: /optimize-css-assets-webpack-plugin
354 warn shrinkwrap Excluding devDependency: /original
355 warn shrinkwrap Excluding devDependency: /os-browserify
356 warn shrinkwrap Excluding devDependency: /os-homedir
357 warn shrinkwrap Excluding devDependency: /os-locale
358 warn shrinkwrap Excluding devDependency: /os-tmpdir
359 warn shrinkwrap Excluding devDependency: /output-file-sync
360 warn shrinkwrap Excluding devDependency: /p-map
361 warn shrinkwrap Excluding devDependency: /pako
362 warn shrinkwrap Excluding devDependency: /param-case
363 warn shrinkwrap Excluding devDependency: /parse-asn1
364 warn shrinkwrap Excluding devDependency: /parse-glob
365 warn shrinkwrap Excluding devDependency: /path
366 warn shrinkwrap Excluding devDependency: /path-browserify
367 warn shrinkwrap Excluding devDependency: /path-exists
368 warn shrinkwrap Excluding devDependency: /path-is-absolute
369 warn shrinkwrap Excluding devDependency: /path-is-inside
370 warn shrinkwrap Excluding devDependency: /path-type
371 warn shrinkwrap Excluding devDependency: /pbkdf2
372 warn shrinkwrap Excluding devDependency: /performance-now
373 warn shrinkwrap Excluding devDependency: /pinkie
374 warn shrinkwrap Excluding devDependency: /pinkie-promise
375 warn shrinkwrap Excluding devDependency: /pkg-dir
376 warn shrinkwrap Excluding devDependency: /portfinder
377 warn shrinkwrap Excluding devDependency: /postcss
378 warn shrinkwrap Excluding devDependency: /postcss-calc
379 warn shrinkwrap Excluding devDependency: /postcss-colormin
380 warn shrinkwrap Excluding devDependency: /postcss-convert-values
381 warn shrinkwrap Excluding devDependency: /postcss-discard-comments
382 warn shrinkwrap Excluding devDependency: /postcss-discard-duplicates
383 warn shrinkwrap Excluding devDependency: /postcss-discard-empty
384 warn shrinkwrap Excluding devDependency: /postcss-discard-overridden
385 warn shrinkwrap Excluding devDependency: /postcss-discard-unused
386 warn shrinkwrap Excluding devDependency: /postcss-filter-plugins
387 warn shrinkwrap Excluding devDependency: /postcss-merge-idents
388 warn shrinkwrap Excluding devDependency: /postcss-merge-longhand
389 warn shrinkwrap Excluding devDependency: /postcss-merge-rules
390 warn shrinkwrap Excluding devDependency: /postcss-message-helpers
391 warn shrinkwrap Excluding devDependency: /postcss-minify-font-values
392 warn shrinkwrap Excluding devDependency: /postcss-minify-gradients
393 warn shrinkwrap Excluding devDependency: /postcss-minify-params
394 warn shrinkwrap Excluding devDependency: /postcss-minify-selectors
395 warn shrinkwrap Excluding devDependency: /postcss-modules-extract-imports
396 warn shrinkwrap Excluding devDependency: /postcss-modules-local-by-default
397 warn shrinkwrap Excluding devDependency: /postcss-modules-scope
398 warn shrinkwrap Excluding devDependency: /postcss-modules-values
399 warn shrinkwrap Excluding devDependency: /postcss-normalize-charset
400 warn shrinkwrap Excluding devDependency: /postcss-normalize-url
401 warn shrinkwrap Excluding devDependency: /postcss-ordered-values
402 warn shrinkwrap Excluding devDependency: /postcss-reduce-idents
403 warn shrinkwrap Excluding devDependency: /postcss-reduce-initial
404 warn shrinkwrap Excluding devDependency: /postcss-reduce-transforms
405 warn shrinkwrap Excluding devDependency: /postcss-selector-parser
406 warn shrinkwrap Excluding devDependency: /postcss-svgo
407 warn shrinkwrap Excluding devDependency: /postcss-unique-selectors
408 warn shrinkwrap Excluding devDependency: /postcss-value-parser
409 warn shrinkwrap Excluding devDependency: /postcss-zindex
410 warn shrinkwrap Excluding devDependency: /prepend-http
411 warn shrinkwrap Excluding devDependency: /preserve
412 warn shrinkwrap Excluding devDependency: /prettier
413 warn shrinkwrap Excluding devDependency: /pretty-error
414 warn shrinkwrap Excluding devDependency: /private
415 warn shrinkwrap Excluding devDependency: /process
416 warn shrinkwrap Excluding devDependency: /process-nextick-args
417 warn shrinkwrap Excluding devDependency: /prr
418 warn shrinkwrap Excluding devDependency: /public-encrypt
419 warn shrinkwrap Excluding devDependency: /punycode
420 warn shrinkwrap Excluding devDependency: /q
421 warn shrinkwrap Excluding devDependency: /query-string
422 warn shrinkwrap Excluding devDependency: /querystring
423 warn shrinkwrap Excluding devDependency: /querystring-es3
424 warn shrinkwrap Excluding devDependency: /querystringify
425 warn shrinkwrap Excluding devDependency: /ramda
426 warn shrinkwrap Excluding devDependency: /randomatic
427 warn shrinkwrap Excluding devDependency: /randombytes
428 warn shrinkwrap Excluding devDependency: /react-deep-force-update
429 warn shrinkwrap Excluding devDependency: /react-hot-loader
430 warn shrinkwrap Excluding devDependency: /react-icon-base
431 warn shrinkwrap Excluding devDependency: /react-icons
432 warn shrinkwrap Excluding devDependency: /react-input-autosize
433 warn shrinkwrap Excluding devDependency: /react-jsonschema-form
434 warn shrinkwrap Excluding devDependency: /react-proxy
435 warn shrinkwrap Excluding devDependency: /react-select
436 warn shrinkwrap Excluding devDependency: /read-pkg
437 warn shrinkwrap Excluding devDependency: /read-pkg-up
438 warn shrinkwrap Excluding devDependency: /readable-stream
439 warn shrinkwrap Excluding devDependency: /readdirp
440 warn shrinkwrap Excluding devDependency: /recast
441 warn shrinkwrap Excluding devDependency: /redbox-react
442 warn shrinkwrap Excluding devDependency: /redent
443 warn shrinkwrap Excluding devDependency: /reduce-css-calc
444 warn shrinkwrap Excluding devDependency: /reduce-function-call
445 warn shrinkwrap Excluding devDependency: /redux-devtools-chart-monitor
446 warn shrinkwrap Excluding devDependency: /redux-devtools-dispatch
447 warn shrinkwrap Excluding devDependency: /redux-logger
448 warn shrinkwrap Excluding devDependency: /redux-slider-monitor
449 warn shrinkwrap Excluding devDependency: /regenerator-transform
450 warn shrinkwrap Excluding devDependency: /regex-cache
451 warn shrinkwrap Excluding devDependency: /regexpu-core
452 warn shrinkwrap Excluding devDependency: /relateurl
453 warn shrinkwrap Excluding devDependency: /remove-trailing-separator
454 warn shrinkwrap Excluding devDependency: /renderkid
455 warn shrinkwrap Excluding devDependency: /repeat-element
456 warn shrinkwrap Excluding devDependency: /repeat-string
457 warn shrinkwrap Excluding devDependency: /repeating
458 warn shrinkwrap Excluding devDependency: /request
459 warn shrinkwrap Excluding devDependency: /requires-port
460 warn shrinkwrap Excluding devDependency: /right-align
461 warn shrinkwrap Excluding devDependency: /rimraf
462 warn shrinkwrap Excluding devDependency: /ripemd160
463 warn shrinkwrap Excluding devDependency: /safe-buffer
464 warn shrinkwrap Excluding devDependency: /sax
465 warn shrinkwrap Excluding devDependency: /schema-utils
466 warn shrinkwrap Excluding devDependency: /select-hose
467 warn shrinkwrap Excluding devDependency: /selfsigned
468 warn shrinkwrap Excluding devDependency: /serve-index
469 warn shrinkwrap Excluding devDependency: /set-immediate-shim
470 warn shrinkwrap Excluding devDependency: /sha.js
471 warn shrinkwrap Excluding devDependency: /simple-element-resize-detector
472 warn shrinkwrap Excluding devDependency: /simple-swizzle
473 warn shrinkwrap Excluding devDependency: /slash
474 warn shrinkwrap Excluding devDependency: /sntp
475 warn shrinkwrap Excluding devDependency: /sockjs
476 warn shrinkwrap Excluding devDependency: /sockjs-client
477 warn shrinkwrap Excluding devDependency: /sort-keys
478 warn shrinkwrap Excluding devDependency: /source-list-map
479 warn shrinkwrap Excluding devDependency: /source-map
480 warn shrinkwrap Excluding devDependency: /source-map-support
481 warn shrinkwrap Excluding devDependency: /sourcemapped-stacktrace
482 warn shrinkwrap Excluding devDependency: /spdy
483 warn shrinkwrap Excluding devDependency: /spdy-transport
484 warn shrinkwrap Excluding devDependency: /sprintf-js
485 warn shrinkwrap Excluding devDependency: /sshpk
486 warn shrinkwrap Excluding devDependency: /stackframe
487 warn shrinkwrap Excluding devDependency: /stream-browserify
488 warn shrinkwrap Excluding devDependency: /stream-http
489 warn shrinkwrap Excluding devDependency: /strict-uri-encode
490 warn shrinkwrap Excluding devDependency: /string_decoder
491 warn shrinkwrap Excluding devDependency: /stringstream
492 warn shrinkwrap Excluding devDependency: /strip-bom
493 warn shrinkwrap Excluding devDependency: /strip-indent
494 warn shrinkwrap Excluding devDependency: /style-loader
495 warn shrinkwrap Excluding devDependency: /styled-components
496 warn shrinkwrap Excluding devDependency: /stylis
497 warn shrinkwrap Excluding devDependency: /supports-color
498 warn shrinkwrap Excluding devDependency: /svgo
499 warn shrinkwrap Excluding devDependency: /tapable
500 warn shrinkwrap Excluding devDependency: /through
501 warn shrinkwrap Excluding devDependency: /thunky
502 warn shrinkwrap Excluding devDependency: /time-stamp
503 warn shrinkwrap Excluding devDependency: /timers-browserify
504 warn shrinkwrap Excluding devDependency: /to-arraybuffer
505 warn shrinkwrap Excluding devDependency: /toposort
506 warn shrinkwrap Excluding devDependency: /tough-cookie
507 warn shrinkwrap Excluding devDependency: /trim-newlines
508 warn shrinkwrap Excluding devDependency: /trim-right
509 warn shrinkwrap Excluding devDependency: /tty-browserify
510 warn shrinkwrap Excluding devDependency: /tunnel-agent
511 warn shrinkwrap Excluding devDependency: /tweetnacl
512 warn shrinkwrap Excluding devDependency: /uglify-js
513 warn shrinkwrap Excluding devDependency: /uglify-to-browserify
514 warn shrinkwrap Excluding devDependency: /underscore
515 warn shrinkwrap Excluding devDependency: /uniq
516 warn shrinkwrap Excluding devDependency: /uniqid
517 warn shrinkwrap Excluding devDependency: /uniqs
518 warn shrinkwrap Excluding devDependency: /upper-case
519 warn shrinkwrap Excluding devDependency: /url
520 warn shrinkwrap Excluding devDependency: /url-loader
521 warn shrinkwrap Excluding devDependency: /url-parse
522 warn shrinkwrap Excluding devDependency: /user-home
523 warn shrinkwrap Excluding devDependency: /util
524 warn shrinkwrap Excluding devDependency: /util-deprecate
525 warn shrinkwrap Excluding devDependency: /utila
526 warn shrinkwrap Excluding devDependency: /v8flags
527 warn shrinkwrap Excluding devDependency: /vendors
528 warn shrinkwrap Excluding devDependency: /verror
529 warn shrinkwrap Excluding devDependency: /vm-browserify
530 warn shrinkwrap Excluding devDependency: /watchpack
531 warn shrinkwrap Excluding devDependency: /wbuf
532 warn shrinkwrap Excluding devDependency: /webpack
533 warn shrinkwrap Excluding devDependency: /webpack-dev-middleware
534 warn shrinkwrap Excluding devDependency: /webpack-dev-server
535 warn shrinkwrap Excluding devDependency: /webpack-sources
536 warn shrinkwrap Excluding devDependency: /websocket-driver
537 warn shrinkwrap Excluding devDependency: /websocket-extensions
538 warn shrinkwrap Excluding devDependency: /whet.extend
539 warn shrinkwrap Excluding devDependency: /which-module
540 warn shrinkwrap Excluding devDependency: /window-size
541 warn shrinkwrap Excluding devDependency: /wordwrap
542 warn shrinkwrap Excluding devDependency: /wrappy
543 warn shrinkwrap Excluding devDependency: /xml-char-classes
544 warn shrinkwrap Excluding devDependency: /xtend
545 warn shrinkwrap Excluding devDependency: /yargs
546 warn shrinkwrap Excluding devDependency: /yargs-parser
547 info lifecycle hotelier@1.0.0~shrinkwrap: hotelier@1.0.0
548 silly lifecycle hotelier@1.0.0~shrinkwrap: no script for shrinkwrap, continuing
549 verbose stack Error: Problems were encountered
549 verbose stack Please correct and try again.
549 verbose stack peer invalid: graphql@^0.9.0 || ^0.10.0, required by graphql-tag@2.4.2
549 verbose stack extraneous: graphql@0.10.5 C:\Work\contact\node_modules\graphql-tag\node_modules\graphql
549 verbose stack peer invalid: graphql@^0.8.0 || ^0.9.0 || ^0.10.0, required by graphql-tools@1.2.2
549 verbose stack extraneous: graphql@0.10.5 C:\Work\contact\node_modules\graphql-tools\node_modules\graphql
549 verbose stack     at shrinkwrap_ (C:\Program Files\nodejs\node_modules\npm\lib\shrinkwrap.js:128:15)
549 verbose stack     at Array.<anonymous> (C:\Program Files\nodejs\node_modules\npm\node_modules\slide\lib\bind-actor.js:15:8)
549 verbose stack     at LOOP (C:\Program Files\nodejs\node_modules\npm\node_modules\slide\lib\chain.js:15:14)
549 verbose stack     at C:\Program Files\nodejs\node_modules\npm\node_modules\slide\lib\chain.js:18:7
549 verbose stack     at done (C:\Program Files\nodejs\node_modules\npm\lib\utils\lifecycle.js:132:5)
549 verbose stack     at LOOP (C:\Program Files\nodejs\node_modules\npm\node_modules\slide\lib\chain.js:7:26)
549 verbose stack     at C:\Program Files\nodejs\node_modules\npm\node_modules\slide\lib\chain.js:18:7
549 verbose stack     at C:\Program Files\nodejs\node_modules\npm\lib\utils\lifecycle.js:294:20
549 verbose stack     at C:\Program Files\nodejs\node_modules\npm\node_modules\graceful-fs\polyfills.js:264:29
549 verbose stack     at FSReqWrap.oncomplete (fs.js:123:15)
550 verbose cwd C:\Work\contact
551 error Windows_NT 6.3.9600
552 error argv "C:\\Program Files\\nodejs\\node.exe" "C:\\Program Files\\nodejs\\node_modules\\npm\\bin\\npm-cli.js" "shrinkwrap"
553 error node v6.9.3
554 error npm  v3.10.10
555 error Problems were encountered
555 error Please correct and try again.
555 error peer invalid: graphql@^0.9.0 || ^0.10.0, required by graphql-tag@2.4.2
555 error extraneous: graphql@0.10.5 C:\Work\contact\node_modules\graphql-tag\node_modules\graphql
555 error peer invalid: graphql@^0.8.0 || ^0.9.0 || ^0.10.0, required by graphql-tools@1.2.2
555 error extraneous: graphql@0.10.5 C:\Work\contact\node_modules\graphql-tools\node_modules\graphql
556 error If you need help, you may report this error at:
556 error     <https://github.com/npm/npm/issues>
557 verbose exit [ 1, true ]
